<?xml version="1.0" encoding="UTF-8"?>
<testsuites name="Data Validation Test Suite" tests="1" time="0.528">
  <testsuite name="Validate Create Author Response" id="8c64ea63-c71f-43f6-9844-7106b787b995" timestamp="2024-11-22T14:47:28.322Z" tests="2" failures="0" errors="0" time="0.528">
    <testcase name="Response has id" time="0.528" classname="ValidateCreateAuthorResponse"/>
    <testcase name="First name is Jane" time="0.528" classname="ValidateCreateAuthorResponse"/>
  </testsuite>
</testsuites>